2023-02-01T17:52:49+00:00 DEBUG Tt4b_Pixel_Class::inject_add_to_cart_event: hit injectAddToCartEvent
2023-02-01T17:52:49+00:00 DEBUG Tt4b_Pixel_Class::inject_add_to_cart_event: Missing option "access_token"
2023-02-01T17:52:59+00:00 DEBUG Tt4b_Pixel_Class::inject_start_checkout: hit injectStartCheckout
2023-02-01T17:52:59+00:00 DEBUG Tt4b_Pixel_Class::inject_start_checkout: Missing option "access_token"
2023-02-01T17:53:58+00:00 DEBUG POST: https://business-api.tiktok.com/open_api/v1.2/tbp/business_profile/disconnect/

{"external_business_id":false,"business_platform":"WOO_COMMERCE","is_setup_page":0,"app_id":false}
 ajax: no
2023-02-01T17:53:59+00:00 DEBUG Tt4b_Mapi_Class::mapi_post: Response: 

HTTP/1.1 200 OK
Server: nginx
Content-Type: application/json; charset=utf-8
Content-Length: 103
X-Api-Deprecation-Info: API for Business Version 1.3 is now live. To avoid disruption to your business, we recommend you migrate all calls to v1.3 as soon as possible. Please visit our migration guide for more details: https://ads.tiktok.com/marketing_api/docs?id=1740029169927169
X-Domain-Change-Info: We have moved to the new domain business-api.tiktok.com for API services after the Platform Upgrade on 09/30/2021. Please update all of your requests with the new domain if you haven't done so already. For more information, please visit https://ads.tiktok.com/marketing_api/docs?rid=esb88xalm6m&id=1709207085043713
X-Tt-Logid: 202302011754005FE3EABAF1847E8A3BD1
x-tt-trace-host: 01af4766e84bbac129c1370f9df7d01d99d15315e75a48490e4c788f8efbe8e62460e9c2556ed8a345083d08494d83771c2a26efb51dc10eceb7163bf5df79ce317ec935edb8a116065769b49047c32f71e6efff9c99200e8baf297979a3a49eb80267295ed267b21b0e3ebb97f34c069f
X-Origin-Response-Time: 18,23.200.218.79
X-Akamai-Request-ID: 5171aebb.13a20838
Expires: Wed, 01 Feb 2023 17:54:01 GMT
Cache-Control: max-age=0, no-cache, no-store
Pragma: no-cache
Date: Wed, 01 Feb 2023 17:54:01 GMT
X-Cache: TCP_MISS from a92-122-219-158.deploy.akamaitechnologies.com (AkamaiGHost/10.10.3-45298580) (-)
Connection: close
X-Cache-Remote: TCP_MISS from a23-200-218-79.deploy.akamaitechnologies.com (AkamaiGHost/10.10.3-45298580) (-)
x-tt-trace-tag: id=16;cdn-cache=miss;type=dyn
Server-Timing: cdn-cache; desc=MISS, edge; dur=167, origin; dur=18
Server-Timing: inner; dur=7
X-Parent-Response-Time: 185,92.122.219.158

{"code":40104,"message":"The access_token is empty.","request_id":"202302011754005FE3EABAF1847E8A3BD1"}

2023-02-01T17:53:59+00:00 DEBUG POST: https://business-api.tiktok.com/tbp/v2.0/shop/connection/disconnect?external_data=

--- EMPTY STRING ---
 ajax: no
2023-02-01T17:53:59+00:00 DEBUG Tt4b_Mapi_Class::tts_shop_disconnect: Response: 

HTTP/1.1 200 OK
Server: nginx
Content-Type: application/json; charset=utf-8
Content-Length: 95
X-Api-Deprecation-Info: API for Business Version 1.3 is now live. To avoid disruption to your business, we recommend you migrate all calls to v1.3 as soon as possible. Please visit our migration guide for more details: https://ads.tiktok.com/marketing_api/docs?id=1740029169927169
X-Domain-Change-Info: We have moved to the new domain business-api.tiktok.com for API services after the Platform Upgrade on 09/30/2021. Please update all of your requests with the new domain if you haven't done so already. For more information, please visit https://ads.tiktok.com/marketing_api/docs?rid=esb88xalm6m&id=1709207085043713
X-Tt-Logid: 20230201175401881CD0CC785DEB8C032C
x-tt-trace-host: 01af4766e84bbac129c1370f9df7d01d99d15315e75a48490e4c788f8efbe8e6242c0f29628c22a6110895d8223daebf11d2e90e9a38b7fd7cc2f77203dfb5e6164203345b8e4bd78529de9ce0bf9a99190f0f7e8d86e88f020a2caefd22e91122a2daaca5e186cf79c90358c5f9d8bfbe
X-Origin-Response-Time: 18,23.200.218.86
X-Akamai-Request-ID: 3f23b9e9.13a20909
Expires: Wed, 01 Feb 2023 17:54:02 GMT
Cache-Control: max-age=0, no-cache, no-store
Pragma: no-cache
Date: Wed, 01 Feb 2023 17:54:02 GMT
X-Cache: TCP_MISS from a92-122-219-158.deploy.akamaitechnologies.com (AkamaiGHost/10.10.3-45298580) (-)
Connection: close
X-Cache-Remote: TCP_MISS from a23-200-218-86.deploy.akamaitechnologies.com (AkamaiGHost/10.10.3-45298580) (-)
x-tt-trace-tag: id=16;cdn-cache=miss;type=dyn
Server-Timing: cdn-cache; desc=MISS, edge; dur=159, origin; dur=18
Server-Timing: inner; dur=11
X-Parent-Response-Time: 176,92.122.219.158

{"code":40001,"message":"Permission denied.","request_id":"20230201175401881CD0CC785DEB8C032C"}

